2025-09-25 15:38:50,190 - INFO - ingesting begin_inventory.csv in db
2025-09-25 15:38:53,477 - INFO - ingesting end_inventory.csv in db
2025-09-25 15:39:01,201 - INFO - ingesting purchases.csv in db
2025-09-25 15:39:41,175 - INFO - ingesting purchase_prices.csv in db
2025-09-25 15:40:07,226 - INFO - ingesting sales.csv in db
2025-09-25 15:43:25,423 - INFO - ingesting vendor_invoice.csv in db
2025-09-25 15:43:25,552 - INFO - -----ingestion complete-----
2025-09-25 15:43:25,552 - INFO - ingestion completed time Taken: 4.5972729603449505 minutes
2025-09-27 11:48:17,439 - INFO - creating vendor summary table...
2025-09-27 11:58:07,561 - INFO - creating vendor summary table...
2025-09-27 11:58:40,215 - INFO -    VendorNumber                   VendorName  Brand              Description  PurchasePrice  ActualPrice Volume  Totalpurchasequantity  Totalpurchasedollars  Totalsalesquantity  Totalsalesdollars  Totalprice  Totalexcisetax  Freight_Cost
0          1128  BROWN-FORMAN CORP             1233  Jack Daniels No 7 Black          26.27        36.99   1750                 145080            3811251.60            142049.0       5.101920e+06   672819.31       260999.20      68601.68
1          4425        MARTIGNETTI COMPANIES   3405    Tito's Handmade Vodka          23.19        28.99   1750                 164038            3804041.22            160247.0       4.819073e+06   561512.37       294438.66     144929.24
2         17035  PERNOD RICARD USA             8068         Absolut 80 Proof          18.24        24.99   1750                 187407            3418303.68            187140.0       4.538121e+06   461140.15       343854.07     123780.22
3          3960  DIAGEO NORTH AMERICA INC      4261   Capt Morgan Spiced Rum          16.17        22.99   1750                 201682            3261197.94            200412.0       4.475973e+06   420050.01       368242.80     257032.07
4          3960  DIAGEO NORTH AMERICA INC      3545          Ketel One Vodka          21.89        29.99   1750                 138109            3023206.01            135838.0       4.223108e+06   545778.28       249587.83     257032.07
2025-09-27 11:58:40,216 - INFO - cleaning data...
2025-09-27 11:58:40,272 - INFO -    VendorNumber                VendorName  Brand              Description  PurchasePrice  ActualPrice  Volume  Totalpurchasequantity  Totalpurchasedollars  Totalsalesquantity  Totalsalesdollars  Totalprice  Totalexcisetax  Freight_Cost  Grossprofit  ProfitMargin  StockTurnover  salestopurchaseratio
0          1128         BROWN-FORMAN CORP   1233  Jack Daniels No 7 Black          26.27        36.99  1750.0                 145080            3811251.60            142049.0       5.101920e+06   672819.31       260999.20      68601.68   1290667.91     25.297693       0.979108              1.338647
1          4425     MARTIGNETTI COMPANIES   3405    Tito's Handmade Vodka          23.19        28.99  1750.0                 164038            3804041.22            160247.0       4.819073e+06   561512.37       294438.66     144929.24   1015032.27     21.062810       0.976890              1.266830
2         17035         PERNOD RICARD USA   8068         Absolut 80 Proof          18.24        24.99  1750.0                 187407            3418303.68            187140.0       4.538121e+06   461140.15       343854.07     123780.22   1119816.92     24.675786       0.998575              1.327594
3          3960  DIAGEO NORTH AMERICA INC   4261   Capt Morgan Spiced Rum          16.17        22.99  1750.0                 201682            3261197.94            200412.0       4.475973e+06   420050.01       368242.80     257032.07   1214774.94     27.139908       0.993703              1.372493
4          3960  DIAGEO NORTH AMERICA INC   3545          Ketel One Vodka          21.89        29.99  1750.0                 138109            3023206.01            135838.0       4.223108e+06   545778.28       249587.83     257032.07   1199901.61     28.412764       0.983556              1.396897
2025-09-27 11:58:40,272 - INFO - ingesting data...
2025-09-27 11:58:40,399 - INFO - completed
2025-09-27 12:00:58,153 - INFO - creating vendor summary table...
2025-09-27 12:01:28,010 - INFO -    VendorNumber                   VendorName  Brand              Description  PurchasePrice  ActualPrice Volume  Totalpurchasequantity  Totalpurchasedollars  Totalsalesquantity  Totalsalesdollars  Totalprice  Totalexcisetax  Freight_Cost
0          1128  BROWN-FORMAN CORP             1233  Jack Daniels No 7 Black          26.27        36.99   1750                 145080            3811251.60            142049.0       5.101920e+06   672819.31       260999.20      68601.68
1          4425        MARTIGNETTI COMPANIES   3405    Tito's Handmade Vodka          23.19        28.99   1750                 164038            3804041.22            160247.0       4.819073e+06   561512.37       294438.66     144929.24
2         17035  PERNOD RICARD USA             8068         Absolut 80 Proof          18.24        24.99   1750                 187407            3418303.68            187140.0       4.538121e+06   461140.15       343854.07     123780.22
3          3960  DIAGEO NORTH AMERICA INC      4261   Capt Morgan Spiced Rum          16.17        22.99   1750                 201682            3261197.94            200412.0       4.475973e+06   420050.01       368242.80     257032.07
4          3960  DIAGEO NORTH AMERICA INC      3545          Ketel One Vodka          21.89        29.99   1750                 138109            3023206.01            135838.0       4.223108e+06   545778.28       249587.83     257032.07
2025-09-27 12:01:28,010 - INFO - cleaning data...
2025-09-27 12:01:28,034 - INFO -    VendorNumber                VendorName  Brand              Description  PurchasePrice  ActualPrice  Volume  Totalpurchasequantity  Totalpurchasedollars  Totalsalesquantity  Totalsalesdollars  Totalprice  Totalexcisetax  Freight_Cost  Grossprofit  ProfitMargin  StockTurnover  salestopurchaseratio
0          1128         BROWN-FORMAN CORP   1233  Jack Daniels No 7 Black          26.27        36.99  1750.0                 145080            3811251.60            142049.0       5.101920e+06   672819.31       260999.20      68601.68   1290667.91     25.297693       0.979108              1.338647
1          4425     MARTIGNETTI COMPANIES   3405    Tito's Handmade Vodka          23.19        28.99  1750.0                 164038            3804041.22            160247.0       4.819073e+06   561512.37       294438.66     144929.24   1015032.27     21.062810       0.976890              1.266830
2         17035         PERNOD RICARD USA   8068         Absolut 80 Proof          18.24        24.99  1750.0                 187407            3418303.68            187140.0       4.538121e+06   461140.15       343854.07     123780.22   1119816.92     24.675786       0.998575              1.327594
3          3960  DIAGEO NORTH AMERICA INC   4261   Capt Morgan Spiced Rum          16.17        22.99  1750.0                 201682            3261197.94            200412.0       4.475973e+06   420050.01       368242.80     257032.07   1214774.94     27.139908       0.993703              1.372493
4          3960  DIAGEO NORTH AMERICA INC   3545          Ketel One Vodka          21.89        29.99  1750.0                 138109            3023206.01            135838.0       4.223108e+06   545778.28       249587.83     257032.07   1199901.61     28.412764       0.983556              1.396897
2025-09-27 12:01:28,034 - INFO - ingesting data...
2025-09-27 12:01:28,115 - INFO - completed
2025-09-27 12:05:20,547 - INFO - creating vendor summary table...
2025-09-27 12:05:53,158 - INFO -    VendorNumber                   VendorName  Brand              Description  PurchasePrice  ActualPrice Volume  Totalpurchasequantity  Totalpurchasedollars  Totalsalesquantity  Totalsalesdollars  Totalprice  Totalexcisetax  Freight_Cost
0          1128  BROWN-FORMAN CORP             1233  Jack Daniels No 7 Black          26.27        36.99   1750                 145080            3811251.60            142049.0       5.101920e+06   672819.31       260999.20      68601.68
1          4425        MARTIGNETTI COMPANIES   3405    Tito's Handmade Vodka          23.19        28.99   1750                 164038            3804041.22            160247.0       4.819073e+06   561512.37       294438.66     144929.24
2         17035  PERNOD RICARD USA             8068         Absolut 80 Proof          18.24        24.99   1750                 187407            3418303.68            187140.0       4.538121e+06   461140.15       343854.07     123780.22
3          3960  DIAGEO NORTH AMERICA INC      4261   Capt Morgan Spiced Rum          16.17        22.99   1750                 201682            3261197.94            200412.0       4.475973e+06   420050.01       368242.80     257032.07
4          3960  DIAGEO NORTH AMERICA INC      3545          Ketel One Vodka          21.89        29.99   1750                 138109            3023206.01            135838.0       4.223108e+06   545778.28       249587.83     257032.07
2025-09-27 12:05:53,159 - INFO - cleaning data...
2025-09-27 12:05:53,209 - INFO -    VendorNumber                VendorName  Brand              Description  PurchasePrice  ActualPrice  Volume  Totalpurchasequantity  Totalpurchasedollars  Totalsalesquantity  Totalsalesdollars  Totalprice  Totalexcisetax  Freight_Cost  Grossprofit  ProfitMargin  StockTurnover  salestopurchaseratio
0          1128         BROWN-FORMAN CORP   1233  Jack Daniels No 7 Black          26.27        36.99  1750.0                 145080            3811251.60            142049.0       5.101920e+06   672819.31       260999.20      68601.68   1290667.91     25.297693       0.979108              1.338647
1          4425     MARTIGNETTI COMPANIES   3405    Tito's Handmade Vodka          23.19        28.99  1750.0                 164038            3804041.22            160247.0       4.819073e+06   561512.37       294438.66     144929.24   1015032.27     21.062810       0.976890              1.266830
2         17035         PERNOD RICARD USA   8068         Absolut 80 Proof          18.24        24.99  1750.0                 187407            3418303.68            187140.0       4.538121e+06   461140.15       343854.07     123780.22   1119816.92     24.675786       0.998575              1.327594
3          3960  DIAGEO NORTH AMERICA INC   4261   Capt Morgan Spiced Rum          16.17        22.99  1750.0                 201682            3261197.94            200412.0       4.475973e+06   420050.01       368242.80     257032.07   1214774.94     27.139908       0.993703              1.372493
4          3960  DIAGEO NORTH AMERICA INC   3545          Ketel One Vodka          21.89        29.99  1750.0                 138109            3023206.01            135838.0       4.223108e+06   545778.28       249587.83     257032.07   1199901.61     28.412764       0.983556              1.396897
2025-09-27 12:05:53,209 - INFO - ingesting data...
2025-09-27 12:05:53,337 - INFO - completed
